<?xml version="1.0" encoding="UTF-8"?>
<!-- Generated by org.testng.reporters.JUnitXMLReporter -->
<testsuite hostname="BDC6-DX-3P98N62" ignored="0" name="Default test" tests="3" failures="0" timestamp="16 Apr 2019 09:26:44 GMT" time="0.061" errors="0">
  <testcase name="testProvider" time="0.011" classname="com.test.Newtest4"/>
  <testcase name="testProvider" time="0.002" classname="com.test.Newtest4"/>
  <testcase name="testProvider" time="0.003" classname="com.test.Newtest4"/>
</testsuite> <!-- Default test -->
